<?xml version="1.0" encoding="UTF-8"?>
<testsuite name="SightingTest" tests="11" skipped="0" failures="0" errors="0" timestamp="2016-10-05T15:34:33" hostname="epicodus-13.local" time="0.121">
  <properties/>
  <testcase name="save_insertsObjectIntoDatabase_sighting" classname="SightingTest" time="0.014"/>
  <testcase name="sighting_instantiatesCorrectly_true" classname="SightingTest" time="0.004"/>
  <testcase name="all_returnsAllInstancesOfSighting_true" classname="SightingTest" time="0.023"/>
  <testcase name="find_returnsSightingWithSameId_secondSighting" classname="SightingTest" time="0.019"/>
  <testcase name="saveThrow_insertsObjectIntoDatabase_CatchName" classname="SightingTest" time="0.005"/>
  <testcase name="equals_returnsTrueIfNameAndEmailAreSame_true" classname="SightingTest" time="0.004"/>
  <testcase name="getRangerName_sightingInstantiatesWithEndanger_String" classname="SightingTest" time="0.005"/>
  <testcase name="getAnimalId_sightingInstantiatesWithEndanger_int" classname="SightingTest" time="0.005"/>
  <testcase name="getAnimals_retrievesAllAnimalsFromDatabase_animalsList" classname="SightingTest" time="0.024"/>
  <testcase name="save_assignsIdToObject" classname="SightingTest" time="0.013"/>
  <testcase name="getLocation_sightingInstantiatesWithName_String" classname="SightingTest" time="0.004"/>
  <system-out><![CDATA[]]></system-out>
  <system-err><![CDATA[]]></system-err>
</testsuite>
