<?xml version="1.0" encoding="UTF-8"?>
<testsuite name="AnimalTest" tests="8" skipped="0" failures="0" errors="0" timestamp="2016-10-04T01:13:09" hostname="epicodus-7.local" time="0.187">
  <properties/>
  <testcase name="save_insertsObjectIntoDatabase_animal" classname="AnimalTest" time="0.102"/>
  <testcase name="getEndanger_animalInstantiatesWithEndanger_String" classname="AnimalTest" time="0.005"/>
  <testcase name="equals_returnsTrueIfNameAndEmailAreSame_true" classname="AnimalTest" time="0.004"/>
  <testcase name="getAnimal_animalInstantiatesWithName_String" classname="AnimalTest" time="0.005"/>
  <testcase name="animal_instantiatesCorrectly_true" classname="AnimalTest" time="0.005"/>
  <testcase name="save_assignsIdToObject" classname="AnimalTest" time="0.016"/>
  <testcase name="find_returnsAnimalWithSameId_secondAnimal" classname="AnimalTest" time="0.022"/>
  <testcase name="all_returnsAllInstancesOfAnimal_true" classname="AnimalTest" time="0.025"/>
  <system-out><![CDATA[]]></system-out>
  <system-err><![CDATA[]]></system-err>
</testsuite>
